<?xml version="1.0" encoding="UTF-8"?>
<testsuite xmlns:xsi="http://www.w3.org/2001/XMLSchema-instance" xsi:noNamespaceSchemaLocation="https://maven.apache.org/surefire/maven-surefire-plugin/xsd/surefire-test-report.xsd" name="MonsterlanApplicationTests" time="12.873" tests="1" errors="1" skipped="0" failures="0">
  <properties>
    <property name="sun.desktop" value="windows"/>
    <property name="awt.toolkit" value="sun.awt.windows.WToolkit"/>
    <property name="file.encoding.pkg" value="sun.io"/>
    <property name="java.specification.version" value="1.8"/>
    <property name="sun.cpu.isalist" value=""/>
    <property name="sun.jnu.encoding" value="GBK"/>
    <property name="java.class.path" value="C:\Users\ld\workspace_ee_32\spring-boot-demo\spring-batch\target\test-classes;C:\Users\ld\workspace_ee_32\spring-boot-demo\spring-batch\target\classes;E:\maven\m3\repository\org\springframework\boot\spring-boot-starter-test\2.1.4.RELEASE\spring-boot-starter-test-2.1.4.RELEASE.jar;E:\maven\m3\repository\org\springframework\boot\spring-boot-test\2.1.4.RELEASE\spring-boot-test-2.1.4.RELEASE.jar;E:\maven\m3\repository\org\springframework\boot\spring-boot-test-autoconfigure\2.1.4.RELEASE\spring-boot-test-autoconfigure-2.1.4.RELEASE.jar;E:\maven\m3\repository\com\jayway\jsonpath\json-path\2.4.0\json-path-2.4.0.jar;E:\maven\m3\repository\net\minidev\json-smart\2.3\json-smart-2.3.jar;E:\maven\m3\repository\net\minidev\accessors-smart\1.2\accessors-smart-1.2.jar;E:\maven\m3\repository\org\ow2\asm\asm\5.0.4\asm-5.0.4.jar;E:\maven\m3\repository\org\slf4j\slf4j-api\1.7.26\slf4j-api-1.7.26.jar;E:\maven\m3\repository\junit\junit\4.12\junit-4.12.jar;E:\maven\m3\repository\org\assertj\assertj-core\3.11.1\assertj-core-3.11.1.jar;E:\maven\m3\repository\org\mockito\mockito-core\2.23.4\mockito-core-2.23.4.jar;E:\maven\m3\repository\net\bytebuddy\byte-buddy\1.9.12\byte-buddy-1.9.12.jar;E:\maven\m3\repository\net\bytebuddy\byte-buddy-agent\1.9.12\byte-buddy-agent-1.9.12.jar;E:\maven\m3\repository\org\objenesis\objenesis\2.6\objenesis-2.6.jar;E:\maven\m3\repository\org\hamcrest\hamcrest-core\1.3\hamcrest-core-1.3.jar;E:\maven\m3\repository\org\hamcrest\hamcrest-library\1.3\hamcrest-library-1.3.jar;E:\maven\m3\repository\org\skyscreamer\jsonassert\1.5.0\jsonassert-1.5.0.jar;E:\maven\m3\repository\com\vaadin\external\google\android-json\0.0.20131108.vaadin1\android-json-0.0.20131108.vaadin1.jar;E:\maven\m3\repository\org\springframework\spring-core\5.1.6.RELEASE\spring-core-5.1.6.RELEASE.jar;E:\maven\m3\repository\org\springframework\spring-jcl\5.1.6.RELEASE\spring-jcl-5.1.6.RELEASE.jar;E:\maven\m3\repository\org\springframework\spring-test\5.1.6.RELEASE\spring-test-5.1.6.RELEASE.jar;E:\maven\m3\repository\org\xmlunit\xmlunit-core\2.6.2\xmlunit-core-2.6.2.jar;E:\maven\m3\repository\org\springframework\boot\spring-boot-starter-batch\2.1.4.RELEASE\spring-boot-starter-batch-2.1.4.RELEASE.jar;E:\maven\m3\repository\org\springframework\boot\spring-boot-starter-jdbc\2.1.4.RELEASE\spring-boot-starter-jdbc-2.1.4.RELEASE.jar;E:\maven\m3\repository\com\zaxxer\HikariCP\3.2.0\HikariCP-3.2.0.jar;E:\maven\m3\repository\org\springframework\spring-jdbc\5.1.6.RELEASE\spring-jdbc-5.1.6.RELEASE.jar;E:\maven\m3\repository\org\springframework\batch\spring-batch-core\4.1.2.RELEASE\spring-batch-core-4.1.2.RELEASE.jar;E:\maven\m3\repository\com\fasterxml\jackson\core\jackson-databind\2.9.8\jackson-databind-2.9.8.jar;E:\maven\m3\repository\com\fasterxml\jackson\core\jackson-annotations\2.9.0\jackson-annotations-2.9.0.jar;E:\maven\m3\repository\com\fasterxml\jackson\core\jackson-core\2.9.8\jackson-core-2.9.8.jar;E:\maven\m3\repository\javax\batch\javax.batch-api\1.0\javax.batch-api-1.0.jar;E:\maven\m3\repository\org\codehaus\jettison\jettison\1.2\jettison-1.2.jar;E:\maven\m3\repository\org\springframework\batch\spring-batch-infrastructure\4.1.2.RELEASE\spring-batch-infrastructure-4.1.2.RELEASE.jar;E:\maven\m3\repository\org\springframework\retry\spring-retry\1.2.4.RELEASE\spring-retry-1.2.4.RELEASE.jar;E:\maven\m3\repository\org\springframework\spring-aop\5.1.6.RELEASE\spring-aop-5.1.6.RELEASE.jar;E:\maven\m3\repository\org\springframework\spring-beans\5.1.6.RELEASE\spring-beans-5.1.6.RELEASE.jar;E:\maven\m3\repository\org\springframework\spring-context\5.1.6.RELEASE\spring-context-5.1.6.RELEASE.jar;E:\maven\m3\repository\org\springframework\spring-tx\5.1.6.RELEASE\spring-tx-5.1.6.RELEASE.jar;E:\maven\m3\repository\org\springframework\boot\spring-boot-starter-web\2.1.4.RELEASE\spring-boot-starter-web-2.1.4.RELEASE.jar;E:\maven\m3\repository\org\springframework\boot\spring-boot-starter-json\2.1.4.RELEASE\spring-boot-starter-json-2.1.4.RELEASE.jar;E:\maven\m3\repository\com\fasterxml\jackson\datatype\jackson-datatype-jdk8\2.9.8\jackson-datatype-jdk8-2.9.8.jar;E:\maven\m3\repository\com\fasterxml\jackson\datatype\jackson-datatype-jsr310\2.9.8\jackson-datatype-jsr310-2.9.8.jar;E:\maven\m3\repository\com\fasterxml\jackson\module\jackson-module-parameter-names\2.9.8\jackson-module-parameter-names-2.9.8.jar;E:\maven\m3\repository\org\hibernate\validator\hibernate-validator\6.0.16.Final\hibernate-validator-6.0.16.Final.jar;E:\maven\m3\repository\javax\validation\validation-api\2.0.1.Final\validation-api-2.0.1.Final.jar;E:\maven\m3\repository\org\jboss\logging\jboss-logging\3.3.2.Final\jboss-logging-3.3.2.Final.jar;E:\maven\m3\repository\com\fasterxml\classmate\1.4.0\classmate-1.4.0.jar;E:\maven\m3\repository\org\springframework\spring-web\5.1.6.RELEASE\spring-web-5.1.6.RELEASE.jar;E:\maven\m3\repository\org\springframework\spring-webmvc\5.1.6.RELEASE\spring-webmvc-5.1.6.RELEASE.jar;E:\maven\m3\repository\org\springframework\spring-expression\5.1.6.RELEASE\spring-expression-5.1.6.RELEASE.jar;E:\maven\m3\repository\org\springframework\boot\spring-boot-devtools\2.1.4.RELEASE\spring-boot-devtools-2.1.4.RELEASE.jar;E:\maven\m3\repository\org\springframework\boot\spring-boot\2.1.4.RELEASE\spring-boot-2.1.4.RELEASE.jar;E:\maven\m3\repository\org\springframework\boot\spring-boot-autoconfigure\2.1.4.RELEASE\spring-boot-autoconfigure-2.1.4.RELEASE.jar;E:\maven\m3\repository\org\springframework\boot\spring-boot-starter-tomcat\2.1.4.RELEASE\spring-boot-starter-tomcat-2.1.4.RELEASE.jar;E:\maven\m3\repository\javax\annotation\javax.annotation-api\1.3.2\javax.annotation-api-1.3.2.jar;E:\maven\m3\repository\org\apache\tomcat\embed\tomcat-embed-core\9.0.17\tomcat-embed-core-9.0.17.jar;E:\maven\m3\repository\org\apache\tomcat\embed\tomcat-embed-el\9.0.17\tomcat-embed-el-9.0.17.jar;E:\maven\m3\repository\org\apache\tomcat\embed\tomcat-embed-websocket\9.0.17\tomcat-embed-websocket-9.0.17.jar;E:\maven\m3\repository\org\springframework\boot\spring-boot-starter-data-jdbc\2.1.4.RELEASE\spring-boot-starter-data-jdbc-2.1.4.RELEASE.jar;E:\maven\m3\repository\org\springframework\data\spring-data-jdbc\1.0.6.RELEASE\spring-data-jdbc-1.0.6.RELEASE.jar;E:\maven\m3\repository\org\springframework\data\spring-data-commons\2.1.6.RELEASE\spring-data-commons-2.1.6.RELEASE.jar;E:\maven\m3\repository\mysql\mysql-connector-java\8.0.15\mysql-connector-java-8.0.15.jar;E:\maven\m3\repository\com\h2database\h2\1.4.199\h2-1.4.199.jar;E:\maven\m3\repository\org\springframework\boot\spring-boot-starter\2.1.4.RELEASE\spring-boot-starter-2.1.4.RELEASE.jar;E:\maven\m3\repository\org\yaml\snakeyaml\1.23\snakeyaml-1.23.jar;E:\maven\m3\repository\org\springframework\boot\spring-boot-starter-log4j\1.3.8.RELEASE\spring-boot-starter-log4j-1.3.8.RELEASE.jar;E:\maven\m3\repository\org\slf4j\jcl-over-slf4j\1.7.26\jcl-over-slf4j-1.7.26.jar;E:\maven\m3\repository\org\slf4j\jul-to-slf4j\1.7.26\jul-to-slf4j-1.7.26.jar;E:\maven\m3\repository\org\slf4j\slf4j-log4j12\1.7.26\slf4j-log4j12-1.7.26.jar;E:\maven\m3\repository\log4j\log4j\1.2.17\log4j-1.2.17.jar;"/>
    <property name="java.vm.vendor" value="Oracle Corporation"/>
    <property name="sun.arch.data.model" value="32"/>
    <property name="user.variant" value=""/>
    <property name="java.vendor.url" value="http://java.oracle.com/"/>
    <property name="user.timezone" value="Asia/Tokyo"/>
    <property name="java.vm.specification.version" value="1.8"/>
    <property name="os.name" value="Windows 10"/>
    <property name="user.country" value="CN"/>
    <property name="sun.java.launcher" value="SUN_STANDARD"/>
    <property name="sun.boot.library.path" value="E:\Java\jdk1.8.0_71\jre\bin"/>
    <property name="sun.java.command" value="C:\Users\ld\AppData\Local\Temp\surefire4593230211283074597\surefirebooter7013730517623573948.jar C:\Users\ld\AppData\Local\Temp\surefire4593230211283074597 2019-05-18T11-48-57_582-jvmRun1 surefire6625268706726386139tmp surefire_05623221286269353611tmp"/>
    <property name="surefire.test.class.path" value="C:\Users\ld\workspace_ee_32\spring-boot-demo\spring-batch\target\test-classes;C:\Users\ld\workspace_ee_32\spring-boot-demo\spring-batch\target\classes;E:\maven\m3\repository\org\springframework\boot\spring-boot-starter-test\2.1.4.RELEASE\spring-boot-starter-test-2.1.4.RELEASE.jar;E:\maven\m3\repository\org\springframework\boot\spring-boot-test\2.1.4.RELEASE\spring-boot-test-2.1.4.RELEASE.jar;E:\maven\m3\repository\org\springframework\boot\spring-boot-test-autoconfigure\2.1.4.RELEASE\spring-boot-test-autoconfigure-2.1.4.RELEASE.jar;E:\maven\m3\repository\com\jayway\jsonpath\json-path\2.4.0\json-path-2.4.0.jar;E:\maven\m3\repository\net\minidev\json-smart\2.3\json-smart-2.3.jar;E:\maven\m3\repository\net\minidev\accessors-smart\1.2\accessors-smart-1.2.jar;E:\maven\m3\repository\org\ow2\asm\asm\5.0.4\asm-5.0.4.jar;E:\maven\m3\repository\org\slf4j\slf4j-api\1.7.26\slf4j-api-1.7.26.jar;E:\maven\m3\repository\junit\junit\4.12\junit-4.12.jar;E:\maven\m3\repository\org\assertj\assertj-core\3.11.1\assertj-core-3.11.1.jar;E:\maven\m3\repository\org\mockito\mockito-core\2.23.4\mockito-core-2.23.4.jar;E:\maven\m3\repository\net\bytebuddy\byte-buddy\1.9.12\byte-buddy-1.9.12.jar;E:\maven\m3\repository\net\bytebuddy\byte-buddy-agent\1.9.12\byte-buddy-agent-1.9.12.jar;E:\maven\m3\repository\org\objenesis\objenesis\2.6\objenesis-2.6.jar;E:\maven\m3\repository\org\hamcrest\hamcrest-core\1.3\hamcrest-core-1.3.jar;E:\maven\m3\repository\org\hamcrest\hamcrest-library\1.3\hamcrest-library-1.3.jar;E:\maven\m3\repository\org\skyscreamer\jsonassert\1.5.0\jsonassert-1.5.0.jar;E:\maven\m3\repository\com\vaadin\external\google\android-json\0.0.20131108.vaadin1\android-json-0.0.20131108.vaadin1.jar;E:\maven\m3\repository\org\springframework\spring-core\5.1.6.RELEASE\spring-core-5.1.6.RELEASE.jar;E:\maven\m3\repository\org\springframework\spring-jcl\5.1.6.RELEASE\spring-jcl-5.1.6.RELEASE.jar;E:\maven\m3\repository\org\springframework\spring-test\5.1.6.RELEASE\spring-test-5.1.6.RELEASE.jar;E:\maven\m3\repository\org\xmlunit\xmlunit-core\2.6.2\xmlunit-core-2.6.2.jar;E:\maven\m3\repository\org\springframework\boot\spring-boot-starter-batch\2.1.4.RELEASE\spring-boot-starter-batch-2.1.4.RELEASE.jar;E:\maven\m3\repository\org\springframework\boot\spring-boot-starter-jdbc\2.1.4.RELEASE\spring-boot-starter-jdbc-2.1.4.RELEASE.jar;E:\maven\m3\repository\com\zaxxer\HikariCP\3.2.0\HikariCP-3.2.0.jar;E:\maven\m3\repository\org\springframework\spring-jdbc\5.1.6.RELEASE\spring-jdbc-5.1.6.RELEASE.jar;E:\maven\m3\repository\org\springframework\batch\spring-batch-core\4.1.2.RELEASE\spring-batch-core-4.1.2.RELEASE.jar;E:\maven\m3\repository\com\fasterxml\jackson\core\jackson-databind\2.9.8\jackson-databind-2.9.8.jar;E:\maven\m3\repository\com\fasterxml\jackson\core\jackson-annotations\2.9.0\jackson-annotations-2.9.0.jar;E:\maven\m3\repository\com\fasterxml\jackson\core\jackson-core\2.9.8\jackson-core-2.9.8.jar;E:\maven\m3\repository\javax\batch\javax.batch-api\1.0\javax.batch-api-1.0.jar;E:\maven\m3\repository\org\codehaus\jettison\jettison\1.2\jettison-1.2.jar;E:\maven\m3\repository\org\springframework\batch\spring-batch-infrastructure\4.1.2.RELEASE\spring-batch-infrastructure-4.1.2.RELEASE.jar;E:\maven\m3\repository\org\springframework\retry\spring-retry\1.2.4.RELEASE\spring-retry-1.2.4.RELEASE.jar;E:\maven\m3\repository\org\springframework\spring-aop\5.1.6.RELEASE\spring-aop-5.1.6.RELEASE.jar;E:\maven\m3\repository\org\springframework\spring-beans\5.1.6.RELEASE\spring-beans-5.1.6.RELEASE.jar;E:\maven\m3\repository\org\springframework\spring-context\5.1.6.RELEASE\spring-context-5.1.6.RELEASE.jar;E:\maven\m3\repository\org\springframework\spring-tx\5.1.6.RELEASE\spring-tx-5.1.6.RELEASE.jar;E:\maven\m3\repository\org\springframework\boot\spring-boot-starter-web\2.1.4.RELEASE\spring-boot-starter-web-2.1.4.RELEASE.jar;E:\maven\m3\repository\org\springframework\boot\spring-boot-starter-json\2.1.4.RELEASE\spring-boot-starter-json-2.1.4.RELEASE.jar;E:\maven\m3\repository\com\fasterxml\jackson\datatype\jackson-datatype-jdk8\2.9.8\jackson-datatype-jdk8-2.9.8.jar;E:\maven\m3\repository\com\fasterxml\jackson\datatype\jackson-datatype-jsr310\2.9.8\jackson-datatype-jsr310-2.9.8.jar;E:\maven\m3\repository\com\fasterxml\jackson\module\jackson-module-parameter-names\2.9.8\jackson-module-parameter-names-2.9.8.jar;E:\maven\m3\repository\org\hibernate\validator\hibernate-validator\6.0.16.Final\hibernate-validator-6.0.16.Final.jar;E:\maven\m3\repository\javax\validation\validation-api\2.0.1.Final\validation-api-2.0.1.Final.jar;E:\maven\m3\repository\org\jboss\logging\jboss-logging\3.3.2.Final\jboss-logging-3.3.2.Final.jar;E:\maven\m3\repository\com\fasterxml\classmate\1.4.0\classmate-1.4.0.jar;E:\maven\m3\repository\org\springframework\spring-web\5.1.6.RELEASE\spring-web-5.1.6.RELEASE.jar;E:\maven\m3\repository\org\springframework\spring-webmvc\5.1.6.RELEASE\spring-webmvc-5.1.6.RELEASE.jar;E:\maven\m3\repository\org\springframework\spring-expression\5.1.6.RELEASE\spring-expression-5.1.6.RELEASE.jar;E:\maven\m3\repository\org\springframework\boot\spring-boot-devtools\2.1.4.RELEASE\spring-boot-devtools-2.1.4.RELEASE.jar;E:\maven\m3\repository\org\springframework\boot\spring-boot\2.1.4.RELEASE\spring-boot-2.1.4.RELEASE.jar;E:\maven\m3\repository\org\springframework\boot\spring-boot-autoconfigure\2.1.4.RELEASE\spring-boot-autoconfigure-2.1.4.RELEASE.jar;E:\maven\m3\repository\org\springframework\boot\spring-boot-starter-tomcat\2.1.4.RELEASE\spring-boot-starter-tomcat-2.1.4.RELEASE.jar;E:\maven\m3\repository\javax\annotation\javax.annotation-api\1.3.2\javax.annotation-api-1.3.2.jar;E:\maven\m3\repository\org\apache\tomcat\embed\tomcat-embed-core\9.0.17\tomcat-embed-core-9.0.17.jar;E:\maven\m3\repository\org\apache\tomcat\embed\tomcat-embed-el\9.0.17\tomcat-embed-el-9.0.17.jar;E:\maven\m3\repository\org\apache\tomcat\embed\tomcat-embed-websocket\9.0.17\tomcat-embed-websocket-9.0.17.jar;E:\maven\m3\repository\org\springframework\boot\spring-boot-starter-data-jdbc\2.1.4.RELEASE\spring-boot-starter-data-jdbc-2.1.4.RELEASE.jar;E:\maven\m3\repository\org\springframework\data\spring-data-jdbc\1.0.6.RELEASE\spring-data-jdbc-1.0.6.RELEASE.jar;E:\maven\m3\repository\org\springframework\data\spring-data-commons\2.1.6.RELEASE\spring-data-commons-2.1.6.RELEASE.jar;E:\maven\m3\repository\mysql\mysql-connector-java\8.0.15\mysql-connector-java-8.0.15.jar;E:\maven\m3\repository\com\h2database\h2\1.4.199\h2-1.4.199.jar;E:\maven\m3\repository\org\springframework\boot\spring-boot-starter\2.1.4.RELEASE\spring-boot-starter-2.1.4.RELEASE.jar;E:\maven\m3\repository\org\yaml\snakeyaml\1.23\snakeyaml-1.23.jar;E:\maven\m3\repository\org\springframework\boot\spring-boot-starter-log4j\1.3.8.RELEASE\spring-boot-starter-log4j-1.3.8.RELEASE.jar;E:\maven\m3\repository\org\slf4j\jcl-over-slf4j\1.7.26\jcl-over-slf4j-1.7.26.jar;E:\maven\m3\repository\org\slf4j\jul-to-slf4j\1.7.26\jul-to-slf4j-1.7.26.jar;E:\maven\m3\repository\org\slf4j\slf4j-log4j12\1.7.26\slf4j-log4j12-1.7.26.jar;E:\maven\m3\repository\log4j\log4j\1.2.17\log4j-1.2.17.jar;"/>
    <property name="sun.cpu.endian" value="little"/>
    <property name="user.home" value="C:\Users\ld"/>
    <property name="user.language" value="zh"/>
    <property name="java.specification.vendor" value="Oracle Corporation"/>
    <property name="java.home" value="E:\Java\jdk1.8.0_71\jre"/>
    <property name="basedir" value="C:\Users\ld\workspace_ee_32\spring-boot-demo\spring-batch"/>
    <property name="file.separator" value="\"/>
    <property name="line.separator" value="&#10;"/>
    <property name="java.vm.specification.vendor" value="Oracle Corporation"/>
    <property name="java.specification.name" value="Java Platform API Specification"/>
    <property name="java.awt.graphicsenv" value="sun.awt.Win32GraphicsEnvironment"/>
    <property name="surefire.real.class.path" value="C:\Users\ld\AppData\Local\Temp\surefire4593230211283074597\surefirebooter7013730517623573948.jar"/>
    <property name="sun.boot.class.path" value="E:\Java\jdk1.8.0_71\jre\lib\resources.jar;E:\Java\jdk1.8.0_71\jre\lib\rt.jar;E:\Java\jdk1.8.0_71\jre\lib\sunrsasign.jar;E:\Java\jdk1.8.0_71\jre\lib\jsse.jar;E:\Java\jdk1.8.0_71\jre\lib\jce.jar;E:\Java\jdk1.8.0_71\jre\lib\charsets.jar;E:\Java\jdk1.8.0_71\jre\lib\jfr.jar;E:\Java\jdk1.8.0_71\jre\classes"/>
    <property name="user.script" value=""/>
    <property name="sun.management.compiler" value="HotSpot Client Compiler"/>
    <property name="java.runtime.version" value="1.8.0_71-b15"/>
    <property name="user.name" value="ld"/>
    <property name="path.separator" value=";"/>
    <property name="os.version" value="10.0"/>
    <property name="java.endorsed.dirs" value="E:\Java\jdk1.8.0_71\jre\lib\endorsed"/>
    <property name="java.runtime.name" value="Java(TM) SE Runtime Environment"/>
    <property name="file.encoding" value="GBK"/>
    <property name="java.vm.name" value="Java HotSpot(TM) Client VM"/>
    <property name="localRepository" value="E:\maven\m3\repository"/>
    <property name="java.vendor.url.bug" value="http://bugreport.sun.com/bugreport/"/>
    <property name="java.io.tmpdir" value="C:\Users\ld\AppData\Local\Temp\"/>
    <property name="java.version" value="1.8.0_71"/>
    <property name="user.dir" value="C:\Users\ld\workspace_ee_32\spring-boot-demo\spring-batch"/>
    <property name="os.arch" value="x86"/>
    <property name="java.vm.specification.name" value="Java Virtual Machine Specification"/>
    <property name="java.awt.printerjob" value="sun.awt.windows.WPrinterJob"/>
    <property name="sun.os.patch.level" value=""/>
    <property name="java.library.path" value="E:\Java\jdk1.8.0_71\jre\bin;C:\WINDOWS\Sun\Java\bin;C:\WINDOWS\system32;C:\WINDOWS;E:/Java/jre1.8.0_71/bin/client;E:/Java/jre1.8.0_71/bin;E:/Java/jre1.8.0_71/lib/i386;C:\Program Files (x86)\Common Files\Oracle\Java\javapath;C:\WINDOWS\system32;C:\WINDOWS;C:\WINDOWS\System32\Wbem;C:\WINDOWS\System32\WindowsPowerShell\v1.0\;c:\Program Files (x86)\ATI Technologies\ATI.ACE\Core-Static;C:\Program Files (x86)\Microsoft SQL Server\90\Tools\binn\;;C:\WINDOWS\System32\OpenSSH\;E:\Java\jdk1.8.0_71\bin;D:\Tencent\QQ\Bin;D:\vc++6.0_win8\Common\MSDev98\Bin;D:\Adobe\Adobe Photoshop CS6 (64 Bit);C:\Users\ld\AppData\Local\Microsoft\WindowsApps;E:\Mysql\bin;E:\Tomcat 8.0\bin;E:\openssl\bin;E:\python;E:\maven\apache-maven-3.5.0\bin;E:\Apache24\bin;;C:\Users\ld\Desktop\eclipse;;."/>
    <property name="java.vm.info" value="mixed mode"/>
    <property name="java.vendor" value="Oracle Corporation"/>
    <property name="java.vm.version" value="25.71-b15"/>
    <property name="java.ext.dirs" value="E:\Java\jdk1.8.0_71\jre\lib\ext;C:\WINDOWS\Sun\Java\lib\ext"/>
    <property name="sun.io.unicode.encoding" value="UnicodeLittle"/>
    <property name="java.class.version" value="52.0"/>
  </properties>
  <testcase name="contextLoads" classname="MonsterlanApplicationTests" time="0.829">
    <error message="StatementCallback; bad SQL grammar [select * from springboot]; nested exception is java.sql.SQLSyntaxErrorException: Table &apos;springboot.springboot&apos; doesn&apos;t exist" type="org.springframework.jdbc.BadSqlGrammarException">org.springframework.jdbc.BadSqlGrammarException: StatementCallback; bad SQL grammar [select * from springboot]; nested exception is java.sql.SQLSyntaxErrorException: Table 'springboot.springboot' doesn't exist
	at MonsterlanApplicationTests.contextLoads(MonsterlanApplicationTests.java:37)
Caused by: java.sql.SQLSyntaxErrorException: Table 'springboot.springboot' doesn't exist
	at MonsterlanApplicationTests.contextLoads(MonsterlanApplicationTests.java:37)
</error>
    <system-out><![CDATA[2019-05-18 11:49:05,942 yyyy-MM-dd HH:mm:ss INFO [org.springframework.boot.test.context.SpringBootTestContextBootstrapper] Neither @ContextConfiguration nor @ContextHierarchy found for test class [MonsterlanApplicationTests], using SpringBootContextLoader
2019-05-18 11:49:05,952 yyyy-MM-dd HH:mm:ss INFO [org.springframework.test.context.support.AbstractContextLoader] Could not detect default resource locations for test class [MonsterlanApplicationTests]: no resource found for suffixes {-context.xml, Context.groovy}.
2019-05-18 11:49:06,421 yyyy-MM-dd HH:mm:ss INFO [org.springframework.boot.test.context.SpringBootTestContextBootstrapper] Loaded default TestExecutionListener class names from location [META-INF/spring.factories]: [org.springframework.boot.test.mock.mockito.MockitoTestExecutionListener, org.springframework.boot.test.mock.mockito.ResetMocksTestExecutionListener, org.springframework.boot.test.autoconfigure.restdocs.RestDocsTestExecutionListener, org.springframework.boot.test.autoconfigure.web.client.MockRestServiceServerResetTestExecutionListener, org.springframework.boot.test.autoconfigure.web.servlet.MockMvcPrintOnlyOnFailureTestExecutionListener, org.springframework.boot.test.autoconfigure.web.servlet.WebDriverTestExecutionListener, org.springframework.test.context.web.ServletTestExecutionListener, org.springframework.test.context.support.DirtiesContextBeforeModesTestExecutionListener, org.springframework.test.context.support.DependencyInjectionTestExecutionListener, org.springframework.test.context.support.DirtiesContextTestExecutionListener, org.springframework.test.context.transaction.TransactionalTestExecutionListener, org.springframework.test.context.jdbc.SqlScriptsTestExecutionListener]
2019-05-18 11:49:06,468 yyyy-MM-dd HH:mm:ss INFO [org.springframework.boot.test.context.SpringBootTestContextBootstrapper] Using TestExecutionListeners: [org.springframework.test.context.web.ServletTestExecutionListener@1df66b6, org.springframework.test.context.support.DirtiesContextBeforeModesTestExecutionListener@eac852, org.springframework.boot.test.mock.mockito.MockitoTestExecutionListener@ec5519, org.springframework.boot.test.autoconfigure.SpringBootDependencyInjectionTestExecutionListener@f7298b, org.springframework.test.context.support.DirtiesContextTestExecutionListener@8715b5, org.springframework.test.context.transaction.TransactionalTestExecutionListener@a9f6af, org.springframework.test.context.jdbc.SqlScriptsTestExecutionListener@192cfe, org.springframework.boot.test.mock.mockito.ResetMocksTestExecutionListener@119fb47, org.springframework.boot.test.autoconfigure.restdocs.RestDocsTestExecutionListener@193666c, org.springframework.boot.test.autoconfigure.web.client.MockRestServiceServerResetTestExecutionListener@deea7f, org.springframework.boot.test.autoconfigure.web.servlet.MockMvcPrintOnlyOnFailureTestExecutionListener@1835c46, org.springframework.boot.test.autoconfigure.web.servlet.WebDriverTestExecutionListener@1de4cb2]
2019-05-18 11:49:06,956 yyyy-MM-dd HH:mm:ss INFO [org.hibernate.validator.internal.util.Version] HV000001: Hibernate Validator 6.0.16.Final

  .   ____          _            __ _ _
 /\\ / ___'_ __ _ _(_)_ __  __ _ \ \ \ \
( ( )\___ | '_ | '_| | '_ \/ _` | \ \ \ \
 \\/  ___)| |_)| | | | | || (_| |  ) ) ) )
  '  |____| .__|_| |_|_| |_\__, | / / / /
 =========|_|==============|___/=/_/_/_/
 :: Spring Boot ::        (v2.1.4.RELEASE)

2019-05-18 11:49:08,276 yyyy-MM-dd HH:mm:ss INFO [MonsterlanApplicationTests] Starting MonsterlanApplicationTests on lida with PID 16580 (started by ld in C:\Users\ld\workspace_ee_32\spring-boot-demo\spring-batch)
2019-05-18 11:49:08,283 yyyy-MM-dd HH:mm:ss INFO [MonsterlanApplicationTests] No active profile set, falling back to default profiles: default
2019-05-18 11:49:10,879 yyyy-MM-dd HH:mm:ss INFO [org.springframework.data.repository.config.RepositoryConfigurationDelegate] Bootstrapping Spring Data repositories in DEFAULT mode.
2019-05-18 11:49:10,944 yyyy-MM-dd HH:mm:ss INFO [org.springframework.data.repository.config.RepositoryConfigurationDelegate] Finished Spring Data repository scanning in 56ms. Found 0 repository interfaces.
2019-05-18 11:49:11,931 yyyy-MM-dd HH:mm:ss INFO [org.springframework.context.support.PostProcessorRegistrationDelegate$BeanPostProcessorChecker] Bean 'org.springframework.transaction.annotation.ProxyTransactionManagementConfiguration' of type [org.springframework.transaction.annotation.ProxyTransactionManagementConfiguration$$EnhancerBySpringCGLIB$$2731a28c] is not eligible for getting processed by all BeanPostProcessors (for example: not eligible for auto-proxying)
2019-05-18 11:49:14,656 yyyy-MM-dd HH:mm:ss INFO [org.springframework.scheduling.concurrent.ThreadPoolTaskExecutor] Initializing ExecutorService 'applicationTaskExecutor'
2019-05-18 11:49:15,465 yyyy-MM-dd HH:mm:ss INFO [com.zaxxer.hikari.HikariDataSource] HikariPool-1 - Starting...
2019-05-18 11:49:15,475 yyyy-MM-dd HH:mm:ss WARN [com.zaxxer.hikari.util.DriverDataSource] Registered driver with driverClassName=com.mysql.jdbc.Driver was not found, trying direct instantiation.
2019-05-18 11:49:16,074 yyyy-MM-dd HH:mm:ss INFO [com.zaxxer.hikari.HikariDataSource] HikariPool-1 - Start completed.
2019-05-18 11:49:16,090 yyyy-MM-dd HH:mm:ss INFO [org.springframework.batch.core.repository.support.JobRepositoryFactoryBean] No database type set, using meta data indicating: MYSQL
2019-05-18 11:49:16,167 yyyy-MM-dd HH:mm:ss INFO [org.springframework.batch.core.launch.support.SimpleJobLauncher] No TaskExecutor has been set, defaulting to synchronous executor.
2019-05-18 11:49:16,878 yyyy-MM-dd HH:mm:ss INFO [MonsterlanApplicationTests] Started MonsterlanApplicationTests in 10.285 seconds (JVM running for 12.569)
HikariDataSource (HikariPool-1)
com.zaxxer.hikari.HikariDataSource
org.springframework.boot.autoconfigure.jdbc.DataSourceProperties@d91d8d
]]></system-out>
    <system-err><![CDATA[Loading class `com.mysql.jdbc.Driver'. This is deprecated. The new driver class is `com.mysql.cj.jdbc.Driver'. The driver is automatically registered via the SPI and manual loading of the driver class is generally unnecessary.
]]></system-err>
  </testcase>
</testsuite>